Using pre-set license
Built from '2021.1/staging' branch; Version is '2021.1.11f1 (4d8c25f7477e) revision 5082149'; Using compiler version '192528614'; Build Type 'Release'
OS: 'Windows 10 Pro; OS build 19042.1110; Version 2009; 64bit' Language: 'en' Physical Memory: 16320 MB
BatchMode: 1, IsHumanControllingUs: 0, StartBugReporterOnCrash: 0, Is64bit: 1, IsPro: 0

 COMMAND LINE ARGUMENTS:
D:\Unity Versions\2021.1.11f1\Editor\Unity.exe
-adb2
-batchMode
-noUpm
-name
AssetImportWorker4
-projectPath
D:/Projects/Unity/SnakesAndLaddersMLAPI
-logFile
Logs/AssetImportWorker4.log
-srvPort
53409
Successfully changed project path to: D:/Projects/Unity/SnakesAndLaddersMLAPI
D:/Projects/Unity/SnakesAndLaddersMLAPI
Using Asset Import Pipeline V2.
Refreshing native plugins compatible for Editor in 63.54 ms, found 3 plugins.
Preloading 0 native plugins for Editor in 0.00 ms.
Initialize engine version: 2021.1.11f1 (4d8c25f7477e)
[Subsystems] Discovering subsystems at path D:/Unity Versions/2021.1.11f1/Editor/Data/Resources/UnitySubsystems
[Subsystems] Discovering subsystems at path D:/Projects/Unity/SnakesAndLaddersMLAPI/Assets
GfxDevice: creating device client; threaded=0; jobified=0
Direct3D:
    Version:  Direct3D 11.0 [level 11.1]
    Renderer: NVIDIA GeForce GTX 1060 6GB (ID=0x1c03)
    Vendor:   NVIDIA
    VRAM:     6052 MB
    Driver:   30.0.14.7141
Initialize mono
Mono path[0] = 'D:/Unity Versions/2021.1.11f1/Editor/Data/Managed'
Mono path[1] = 'D:/Unity Versions/2021.1.11f1/Editor/Data/MonoBleedingEdge/lib/mono/unityjit'
Mono config path = 'D:/Unity Versions/2021.1.11f1/Editor/Data/MonoBleedingEdge/etc'
Using monoOptions --debugger-agent=transport=dt_socket,embedding=1,server=y,suspend=n,address=127.0.0.1:56048
Begin MonoManager ReloadAssembly
Registering precompiled unity dll's ...
Register platform support module: D:/Unity Versions/2021.1.11f1/Editor/Data/PlaybackEngines/WebGLSupport/UnityEditor.WebGL.Extensions.dll
Register platform support module: D:/Unity Versions/2021.1.11f1/Editor/Data/PlaybackEngines/WindowsStandaloneSupport/UnityEditor.WindowsStandalone.Extensions.dll
Registered in 0.001988 seconds.
Native extension for WindowsStandalone target not found
Native extension for WebGL target not found
Refreshing native plugins compatible for Editor in 52.90 ms, found 3 plugins.
Preloading 0 native plugins for Editor in 0.00 ms.
Mono: successfully reloaded assembly
- Completed reload, in  3.182 seconds
Domain Reload Profiling:
	ReloadAssembly (3182ms)
		BeginReloadAssembly (107ms)
			ExecutionOrderSort (0ms)
			DisableScriptedObjects (0ms)
			BackupInstance (0ms)
			ReleaseScriptingObjects (0ms)
			CreateAndSetChildDomain (1ms)
		EndReloadAssembly (508ms)
			LoadAssemblies (107ms)
			RebuildTransferFunctionScriptingTraits (0ms)
			SetupTypeCache (188ms)
			ReleaseScriptCaches (0ms)
			RebuildScriptCaches (43ms)
			SetupLoadedEditorAssemblies (223ms)
				LogAssemblyErrors (0ms)
				InitializePlatformSupportModulesInManaged (8ms)
				SetLoadedEditorAssemblies (0ms)
				RefreshPlugins (53ms)
				BeforeProcessingInitializeOnLoad (2ms)
				ProcessInitializeOnLoadAttributes (123ms)
				ProcessInitializeOnLoadMethodAttributes (36ms)
				AfterProcessingInitializeOnLoad (0ms)
				EditorAssembliesLoaded (0ms)
			ExecutionOrderSort2 (0ms)
			AwakeInstancesAfterBackupRestoration (0ms)
Platform modules already initialized, skipping
Registering precompiled user dll's ...
Registered in 0.011895 seconds.
Begin MonoManager ReloadAssembly
Native extension for WindowsStandalone target not found
Native extension for WebGL target not found
Refreshing native plugins compatible for Editor in 51.50 ms, found 3 plugins.
Preloading 0 native plugins for Editor in 0.00 ms.
Mono: successfully reloaded assembly
- Completed reload, in  1.409 seconds
Domain Reload Profiling:
	ReloadAssembly (1410ms)
		BeginReloadAssembly (206ms)
			ExecutionOrderSort (0ms)
			DisableScriptedObjects (6ms)
			BackupInstance (0ms)
			ReleaseScriptingObjects (0ms)
			CreateAndSetChildDomain (23ms)
		EndReloadAssembly (1140ms)
			LoadAssemblies (159ms)
			RebuildTransferFunctionScriptingTraits (0ms)
			SetupTypeCache (366ms)
			ReleaseScriptCaches (1ms)
			RebuildScriptCaches (71ms)
			SetupLoadedEditorAssemblies (469ms)
				LogAssemblyErrors (0ms)
				InitializePlatformSupportModulesInManaged (6ms)
				SetLoadedEditorAssemblies (0ms)
				RefreshPlugins (52ms)
				BeforeProcessingInitializeOnLoad (76ms)
				ProcessInitializeOnLoadAttributes (312ms)
				ProcessInitializeOnLoadMethodAttributes (20ms)
				AfterProcessingInitializeOnLoad (3ms)
				EditorAssembliesLoaded (0ms)
			ExecutionOrderSort2 (0ms)
			AwakeInstancesAfterBackupRestoration (8ms)
Platform modules already initialized, skipping
========================================================================
Worker process is ready to serve import requests
Launched and connected shader compiler UnityShaderCompiler.exe after 0.06 seconds
Refreshing native plugins compatible for Editor in 0.64 ms, found 3 plugins.
Preloading 0 native plugins for Editor in 0.00 ms.
Unloading 2266 Unused Serialized files (Serialized files now loaded: 0)
System memory in use before: 102.3 MB.
System memory in use after: 102.3 MB.

Unloading 43 unused Assets to reduce memory usage. Loaded Objects now: 2720.
Total: 3.154500 ms (FindLiveObjects: 0.254400 ms CreateObjectMapping: 0.060200 ms MarkObjects: 2.691300 ms  DeleteObjects: 0.147400 ms)

AssetImportParameters requested are different than current active one (requested -> active):
  custom:framework-win-MediaFoundation: 216162199b28c13a410421893ffa2e32 -> 
  custom:video-decoder-ogg-theora: a1e56fd34408186e4bbccfd4996cb3dc -> 
  custom:container-muxer-webm: aa71ff27fc2769a1b78a27578f13a17b -> 
  custom:container-demuxer-webm: 4f35f7cbe854078d1ac9338744f61a02 -> 
  custom:container-demuxer-ogg: 62fdf1f143b41e24485cea50d1cbac27 -> 
  custom:video-encoder-webm-vp8: eb34c28f22e8b96e1ab97ce403110664 -> 
  custom:video-decoder-webm-vp8: 9c59270c3fd7afecdb556c50c9e8de78 -> 
  custom:audio-decoder-ogg-vorbis: bf7c407c2cedff20999df2af8eb42d56 -> 
  custom:audio-encoder-webm-vorbis: bf7c407c2cedff20999df2af8eb42d56 -> 
========================================================================
Received Import Request.
  path: Assets/Scenes/Game.unity
  artifactKey: Guid(2cda990e2423bbf4892e6590ba056729) Importer(815301076,1909f56bfc062723c751e8b465ee728b)
Start importing Assets/Scenes/Game.unity using Guid(2cda990e2423bbf4892e6590ba056729) Importer(815301076,1909f56bfc062723c751e8b465ee728b)  -> (artifact id: '1c73b453fab5ec3620937245ddb10c77') in 0.018002 seconds 
========================================================================
Received Prepare
Registering precompiled user dll's ...
Registered in 0.011727 seconds.
Begin MonoManager ReloadAssembly
Native extension for WindowsStandalone target not found
Native extension for WebGL target not found
Refreshing native plugins compatible for Editor in 0.73 ms, found 3 plugins.
Preloading 0 native plugins for Editor in 0.00 ms.
Mono: successfully reloaded assembly
- Completed reload, in  1.473 seconds
Domain Reload Profiling:
	ReloadAssembly (1473ms)
		BeginReloadAssembly (194ms)
			ExecutionOrderSort (0ms)
			DisableScriptedObjects (8ms)
			BackupInstance (0ms)
			ReleaseScriptingObjects (0ms)
			CreateAndSetChildDomain (57ms)
		EndReloadAssembly (1198ms)
			LoadAssemblies (212ms)
			RebuildTransferFunctionScriptingTraits (0ms)
			SetupTypeCache (422ms)
			ReleaseScriptCaches (1ms)
			RebuildScriptCaches (69ms)
			SetupLoadedEditorAssemblies (403ms)
				LogAssemblyErrors (0ms)
				InitializePlatformSupportModulesInManaged (9ms)
				SetLoadedEditorAssemblies (1ms)
				RefreshPlugins (1ms)
				BeforeProcessingInitializeOnLoad (65ms)
				ProcessInitializeOnLoadAttributes (313ms)
				ProcessInitializeOnLoadMethodAttributes (11ms)
				AfterProcessingInitializeOnLoad (4ms)
				EditorAssembliesLoaded (0ms)
			ExecutionOrderSort2 (0ms)
			AwakeInstancesAfterBackupRestoration (14ms)
Platform modules already initialized, skipping
Refreshing native plugins compatible for Editor in 0.68 ms, found 3 plugins.
Preloading 0 native plugins for Editor in 0.00 ms.
Unloading 2248 Unused Serialized files (Serialized files now loaded: 0)
System memory in use before: 101.0 MB.
System memory in use after: 101.1 MB.

Unloading 31 unused Assets to reduce memory usage. Loaded Objects now: 2724.
Total: 3.216200 ms (FindLiveObjects: 0.406600 ms CreateObjectMapping: 0.066900 ms MarkObjects: 2.614900 ms  DeleteObjects: 0.125900 ms)

AssetImportParameters requested are different than current active one (requested -> active):
  custom:framework-win-MediaFoundation: 216162199b28c13a410421893ffa2e32 -> 
  custom:video-decoder-ogg-theora: a1e56fd34408186e4bbccfd4996cb3dc -> 
  custom:container-muxer-webm: aa71ff27fc2769a1b78a27578f13a17b -> 
  custom:container-demuxer-webm: 4f35f7cbe854078d1ac9338744f61a02 -> 
  custom:container-demuxer-ogg: 62fdf1f143b41e24485cea50d1cbac27 -> 
  custom:video-encoder-webm-vp8: eb34c28f22e8b96e1ab97ce403110664 -> 
  custom:video-decoder-webm-vp8: 9c59270c3fd7afecdb556c50c9e8de78 -> 
  custom:audio-decoder-ogg-vorbis: bf7c407c2cedff20999df2af8eb42d56 -> 
  custom:audio-encoder-webm-vorbis: bf7c407c2cedff20999df2af8eb42d56 -> 
========================================================================
Received Import Request.
  Time since last request: 226.649430 seconds.
  path: Assets/Audio/Whimsical Town (Loop).wav
  artifactKey: Guid(4055a7ac60010574eb2fa6eb4da8a48c) Importer(815301076,1909f56bfc062723c751e8b465ee728b)
Start importing Assets/Audio/Whimsical Town (Loop).wav using Guid(4055a7ac60010574eb2fa6eb4da8a48c) Importer(815301076,1909f56bfc062723c751e8b465ee728b)  -> (artifact id: '7e4b1b70afb4b367ad691de9dc390afc') in 0.119000 seconds 
========================================================================
Received Prepare
Registering precompiled user dll's ...
Registered in 0.012252 seconds.
Begin MonoManager ReloadAssembly
Native extension for WindowsStandalone target not found
Native extension for WebGL target not found
Refreshing native plugins compatible for Editor in 0.94 ms, found 3 plugins.
Preloading 0 native plugins for Editor in 0.00 ms.
Mono: successfully reloaded assembly
- Completed reload, in  1.293 seconds
Domain Reload Profiling:
	ReloadAssembly (1294ms)
		BeginReloadAssembly (180ms)
			ExecutionOrderSort (0ms)
			DisableScriptedObjects (8ms)
			BackupInstance (0ms)
			ReleaseScriptingObjects (0ms)
			CreateAndSetChildDomain (44ms)
		EndReloadAssembly (1045ms)
			LoadAssemblies (162ms)
			RebuildTransferFunctionScriptingTraits (0ms)
			SetupTypeCache (362ms)
			ReleaseScriptCaches (1ms)
			RebuildScriptCaches (69ms)
			SetupLoadedEditorAssemblies (369ms)
				LogAssemblyErrors (0ms)
				InitializePlatformSupportModulesInManaged (7ms)
				SetLoadedEditorAssemblies (1ms)
				RefreshPlugins (1ms)
				BeforeProcessingInitializeOnLoad (63ms)
				ProcessInitializeOnLoadAttributes (284ms)
				ProcessInitializeOnLoadMethodAttributes (10ms)
				AfterProcessingInitializeOnLoad (3ms)
				EditorAssembliesLoaded (0ms)
			ExecutionOrderSort2 (0ms)
			AwakeInstancesAfterBackupRestoration (13ms)
Platform modules already initialized, skipping
Refreshing native plugins compatible for Editor in 0.67 ms, found 3 plugins.
Preloading 0 native plugins for Editor in 0.00 ms.
Unloading 2248 Unused Serialized files (Serialized files now loaded: 0)
System memory in use before: 104.8 MB.
System memory in use after: 104.9 MB.

Unloading 31 unused Assets to reduce memory usage. Loaded Objects now: 2737.
Total: 2.901400 ms (FindLiveObjects: 0.273500 ms CreateObjectMapping: 0.061100 ms MarkObjects: 2.437700 ms  DeleteObjects: 0.127000 ms)

AssetImportParameters requested are different than current active one (requested -> active):
  custom:framework-win-MediaFoundation: 216162199b28c13a410421893ffa2e32 -> 
  custom:video-decoder-ogg-theora: a1e56fd34408186e4bbccfd4996cb3dc -> 
  custom:container-muxer-webm: aa71ff27fc2769a1b78a27578f13a17b -> 
  custom:container-demuxer-webm: 4f35f7cbe854078d1ac9338744f61a02 -> 
  custom:container-demuxer-ogg: 62fdf1f143b41e24485cea50d1cbac27 -> 
  custom:video-encoder-webm-vp8: eb34c28f22e8b96e1ab97ce403110664 -> 
  custom:video-decoder-webm-vp8: 9c59270c3fd7afecdb556c50c9e8de78 -> 
  custom:audio-decoder-ogg-vorbis: bf7c407c2cedff20999df2af8eb42d56 -> 
  custom:audio-encoder-webm-vorbis: bf7c407c2cedff20999df2af8eb42d56 -> 
========================================================================
Received Import Request.
  Time since last request: 443.239347 seconds.
  path: Assets/Art/DiceFaces/dice_Roll.png
  artifactKey: Guid(ed51b8e7628d6c34bb4459c9b1eb449e) Importer(815301076,1909f56bfc062723c751e8b465ee728b)
Start importing Assets/Art/DiceFaces/dice_Roll.png using Guid(ed51b8e7628d6c34bb4459c9b1eb449e) Importer(815301076,1909f56bfc062723c751e8b465ee728b)  -> (artifact id: 'ce58f1bd1b38be12668f666561978155') in 0.114229 seconds 
========================================================================
Received Import Request.
  Time since last request: 3.839577 seconds.
  path: Assets/Art/DiceFaces/dice_Roll.png
  artifactKey: Guid(ed51b8e7628d6c34bb4459c9b1eb449e) Importer(815301076,1909f56bfc062723c751e8b465ee728b)
Start importing Assets/Art/DiceFaces/dice_Roll.png using Guid(ed51b8e7628d6c34bb4459c9b1eb449e) Importer(815301076,1909f56bfc062723c751e8b465ee728b)  -> (artifact id: '3735ab1268a0a63d360cee81fab56c33') in 0.012433 seconds 
========================================================================
Received Prepare
Registering precompiled user dll's ...
Registered in 0.011299 seconds.
Begin MonoManager ReloadAssembly
Native extension for WindowsStandalone target not found
Native extension for WebGL target not found
Refreshing native plugins compatible for Editor in 0.67 ms, found 3 plugins.
Preloading 0 native plugins for Editor in 0.00 ms.
Mono: successfully reloaded assembly
- Completed reload, in  1.288 seconds
Domain Reload Profiling:
	ReloadAssembly (1289ms)
		BeginReloadAssembly (171ms)
			ExecutionOrderSort (0ms)
			DisableScriptedObjects (8ms)
			BackupInstance (0ms)
			ReleaseScriptingObjects (0ms)
			CreateAndSetChildDomain (41ms)
		EndReloadAssembly (1052ms)
			LoadAssemblies (161ms)
			RebuildTransferFunctionScriptingTraits (0ms)
			SetupTypeCache (352ms)
			ReleaseScriptCaches (1ms)
			RebuildScriptCaches (70ms)
			SetupLoadedEditorAssemblies (372ms)
				LogAssemblyErrors (0ms)
				InitializePlatformSupportModulesInManaged (7ms)
				SetLoadedEditorAssemblies (1ms)
				RefreshPlugins (1ms)
				BeforeProcessingInitializeOnLoad (66ms)
				ProcessInitializeOnLoadAttributes (284ms)
				ProcessInitializeOnLoadMethodAttributes (10ms)
				AfterProcessingInitializeOnLoad (3ms)
				EditorAssembliesLoaded (0ms)
			ExecutionOrderSort2 (0ms)
			AwakeInstancesAfterBackupRestoration (19ms)
Platform modules already initialized, skipping
Refreshing native plugins compatible for Editor in 0.68 ms, found 3 plugins.
Preloading 0 native plugins for Editor in 0.00 ms.
Unloading 2249 Unused Serialized files (Serialized files now loaded: 0)
System memory in use before: 105.9 MB.
System memory in use after: 106.0 MB.

Unloading 31 unused Assets to reduce memory usage. Loaded Objects now: 2773.
Total: 2.955000 ms (FindLiveObjects: 0.276200 ms CreateObjectMapping: 0.068500 ms MarkObjects: 2.484000 ms  DeleteObjects: 0.124800 ms)

AssetImportParameters requested are different than current active one (requested -> active):
  custom:framework-win-MediaFoundation: 216162199b28c13a410421893ffa2e32 -> 
  custom:video-decoder-ogg-theora: a1e56fd34408186e4bbccfd4996cb3dc -> 
  custom:container-muxer-webm: aa71ff27fc2769a1b78a27578f13a17b -> 
  custom:container-demuxer-webm: 4f35f7cbe854078d1ac9338744f61a02 -> 
  custom:container-demuxer-ogg: 62fdf1f143b41e24485cea50d1cbac27 -> 
  custom:video-encoder-webm-vp8: eb34c28f22e8b96e1ab97ce403110664 -> 
  custom:video-decoder-webm-vp8: 9c59270c3fd7afecdb556c50c9e8de78 -> 
  custom:audio-decoder-ogg-vorbis: bf7c407c2cedff20999df2af8eb42d56 -> 
  custom:audio-encoder-webm-vorbis: bf7c407c2cedff20999df2af8eb42d56 -> 
========================================================================
Received Prepare
Registering precompiled user dll's ...
Registered in 0.011949 seconds.
Begin MonoManager ReloadAssembly
Native extension for WindowsStandalone target not found
Native extension for WebGL target not found
Refreshing native plugins compatible for Editor in 0.72 ms, found 3 plugins.
Preloading 0 native plugins for Editor in 0.00 ms.
Mono: successfully reloaded assembly
- Completed reload, in  1.368 seconds
Domain Reload Profiling:
	ReloadAssembly (1368ms)
		BeginReloadAssembly (186ms)
			ExecutionOrderSort (0ms)
			DisableScriptedObjects (9ms)
			BackupInstance (0ms)
			ReleaseScriptingObjects (0ms)
			CreateAndSetChildDomain (49ms)
		EndReloadAssembly (1113ms)
			LoadAssemblies (177ms)
			RebuildTransferFunctionScriptingTraits (0ms)
			SetupTypeCache (379ms)
			ReleaseScriptCaches (1ms)
			RebuildScriptCaches (70ms)
			SetupLoadedEditorAssemblies (398ms)
				LogAssemblyErrors (0ms)
				InitializePlatformSupportModulesInManaged (7ms)
				SetLoadedEditorAssemblies (1ms)
				RefreshPlugins (1ms)
				BeforeProcessingInitializeOnLoad (70ms)
				ProcessInitializeOnLoadAttributes (305ms)
				ProcessInitializeOnLoadMethodAttributes (11ms)
				AfterProcessingInitializeOnLoad (3ms)
				EditorAssembliesLoaded (0ms)
			ExecutionOrderSort2 (0ms)
			AwakeInstancesAfterBackupRestoration (18ms)
Platform modules already initialized, skipping
Refreshing native plugins compatible for Editor in 0.82 ms, found 3 plugins.
Preloading 0 native plugins for Editor in 0.00 ms.
Unloading 2248 Unused Serialized files (Serialized files now loaded: 0)
System memory in use before: 105.9 MB.
System memory in use after: 105.9 MB.

Unloading 31 unused Assets to reduce memory usage. Loaded Objects now: 2777.
Total: 3.024700 ms (FindLiveObjects: 0.311600 ms CreateObjectMapping: 0.063600 ms MarkObjects: 2.513300 ms  DeleteObjects: 0.134800 ms)

AssetImportParameters requested are different than current active one (requested -> active):
  custom:framework-win-MediaFoundation: 216162199b28c13a410421893ffa2e32 -> 
  custom:video-decoder-ogg-theora: a1e56fd34408186e4bbccfd4996cb3dc -> 
  custom:container-muxer-webm: aa71ff27fc2769a1b78a27578f13a17b -> 
  custom:container-demuxer-webm: 4f35f7cbe854078d1ac9338744f61a02 -> 
  custom:container-demuxer-ogg: 62fdf1f143b41e24485cea50d1cbac27 -> 
  custom:video-encoder-webm-vp8: eb34c28f22e8b96e1ab97ce403110664 -> 
  custom:video-decoder-webm-vp8: 9c59270c3fd7afecdb556c50c9e8de78 -> 
  custom:audio-decoder-ogg-vorbis: bf7c407c2cedff20999df2af8eb42d56 -> 
  custom:audio-encoder-webm-vorbis: bf7c407c2cedff20999df2af8eb42d56 -> 
========================================================================
Received Import Request.
  Time since last request: 236.011138 seconds.
  path: Assets/Scenes/Game.unity
  artifactKey: Guid(2cda990e2423bbf4892e6590ba056729) Importer(815301076,1909f56bfc062723c751e8b465ee728b)
Start importing Assets/Scenes/Game.unity using Guid(2cda990e2423bbf4892e6590ba056729) Importer(815301076,1909f56bfc062723c751e8b465ee728b)  -> (artifact id: '837b1ca2ce1ea7c4ff51ed2316e931fd') in 0.017797 seconds 
========================================================================
Received Import Request.
  Time since last request: 160.125380 seconds.
  path: Assets/Prefabs/UserInterface/OnScreenMessage.prefab
  artifactKey: Guid(d85c5e69987eb5a4ab39ce846e720e5d) Importer(815301076,1909f56bfc062723c751e8b465ee728b)
Start importing Assets/Prefabs/UserInterface/OnScreenMessage.prefab using Guid(d85c5e69987eb5a4ab39ce846e720e5d) Importer(815301076,1909f56bfc062723c751e8b465ee728b)  -> (artifact id: '3acb85550454a4545e4f268044c7335c') in 0.081835 seconds 
========================================================================
Received Import Request.
  Time since last request: 34.819721 seconds.
  path: Assets/Prefabs/UserInterface/OnScreenMessage.prefab
  artifactKey: Guid(d85c5e69987eb5a4ab39ce846e720e5d) Importer(815301076,1909f56bfc062723c751e8b465ee728b)
Start importing Assets/Prefabs/UserInterface/OnScreenMessage.prefab using Guid(d85c5e69987eb5a4ab39ce846e720e5d) Importer(815301076,1909f56bfc062723c751e8b465ee728b)  -> (artifact id: '946c608ddb59fda4c1a0d803758d7738') in 0.020201 seconds 
========================================================================
Received Import Request.
  Time since last request: 3.835521 seconds.
  path: Assets/Prefabs/UserInterface/OnScreenMessage.prefab
  artifactKey: Guid(d85c5e69987eb5a4ab39ce846e720e5d) Importer(815301076,1909f56bfc062723c751e8b465ee728b)
Start importing Assets/Prefabs/UserInterface/OnScreenMessage.prefab using Guid(d85c5e69987eb5a4ab39ce846e720e5d) Importer(815301076,1909f56bfc062723c751e8b465ee728b)  -> (artifact id: 'd2835ce8dc5d309cdba22a53a9ca6533') in 0.018850 seconds 
========================================================================
Received Import Request.
  Time since last request: 1.454435 seconds.
  path: Assets/Prefabs/UserInterface/OnScreenMessage.prefab
  artifactKey: Guid(d85c5e69987eb5a4ab39ce846e720e5d) Importer(815301076,1909f56bfc062723c751e8b465ee728b)
Start importing Assets/Prefabs/UserInterface/OnScreenMessage.prefab using Guid(d85c5e69987eb5a4ab39ce846e720e5d) Importer(815301076,1909f56bfc062723c751e8b465ee728b)  -> (artifact id: '567553d52c858bc79a25d13b585817c6') in 0.017337 seconds 
========================================================================
Received Import Request.
  Time since last request: 1.009957 seconds.
  path: Assets/Prefabs/UserInterface/OnScreenMessage.prefab
  artifactKey: Guid(d85c5e69987eb5a4ab39ce846e720e5d) Importer(815301076,1909f56bfc062723c751e8b465ee728b)
Start importing Assets/Prefabs/UserInterface/OnScreenMessage.prefab using Guid(d85c5e69987eb5a4ab39ce846e720e5d) Importer(815301076,1909f56bfc062723c751e8b465ee728b)  -> (artifact id: 'f72cc2879b722d9171c49a34f1a9b8b4') in 0.019332 seconds 
========================================================================
Received Import Request.
  Time since last request: 10.632678 seconds.
  path: Assets/Prefabs/UserInterface/OnScreenMessage.prefab
  artifactKey: Guid(d85c5e69987eb5a4ab39ce846e720e5d) Importer(815301076,1909f56bfc062723c751e8b465ee728b)
Start importing Assets/Prefabs/UserInterface/OnScreenMessage.prefab using Guid(d85c5e69987eb5a4ab39ce846e720e5d) Importer(815301076,1909f56bfc062723c751e8b465ee728b)  -> (artifact id: '2049a331c0347b28a1e47725f36ff2ba') in 0.018766 seconds 
========================================================================
Received Import Request.
  Time since last request: 7.950385 seconds.
  path: Assets/Prefabs/UserInterface/OnScreenMessage.prefab
  artifactKey: Guid(d85c5e69987eb5a4ab39ce846e720e5d) Importer(815301076,1909f56bfc062723c751e8b465ee728b)
Start importing Assets/Prefabs/UserInterface/OnScreenMessage.prefab using Guid(d85c5e69987eb5a4ab39ce846e720e5d) Importer(815301076,1909f56bfc062723c751e8b465ee728b)  -> (artifact id: '9b511cc72b16872795bd29ada2bf268f') in 0.018005 seconds 
========================================================================
Received Import Request.
  Time since last request: 8.848296 seconds.
  path: Assets/Prefabs/UserInterface/OnScreenMessage.prefab
  artifactKey: Guid(d85c5e69987eb5a4ab39ce846e720e5d) Importer(815301076,1909f56bfc062723c751e8b465ee728b)
Start importing Assets/Prefabs/UserInterface/OnScreenMessage.prefab using Guid(d85c5e69987eb5a4ab39ce846e720e5d) Importer(815301076,1909f56bfc062723c751e8b465ee728b)  -> (artifact id: 'd926da18e3e6101acb85dda2b7b66cd6') in 0.017665 seconds 
========================================================================
Received Import Request.
  Time since last request: 1.013708 seconds.
  path: Assets/Prefabs/UserInterface/OnScreenMessage.prefab
  artifactKey: Guid(d85c5e69987eb5a4ab39ce846e720e5d) Importer(815301076,1909f56bfc062723c751e8b465ee728b)
Start importing Assets/Prefabs/UserInterface/OnScreenMessage.prefab using Guid(d85c5e69987eb5a4ab39ce846e720e5d) Importer(815301076,1909f56bfc062723c751e8b465ee728b)  -> (artifact id: '2ff245a16cb5347f36f8835988a652b9') in 0.018257 seconds 
========================================================================
Received Import Request.
  Time since last request: 11.368048 seconds.
  path: Assets/Prefabs/UserInterface/OnScreenMessage.prefab
  artifactKey: Guid(d85c5e69987eb5a4ab39ce846e720e5d) Importer(815301076,1909f56bfc062723c751e8b465ee728b)
Start importing Assets/Prefabs/UserInterface/OnScreenMessage.prefab using Guid(d85c5e69987eb5a4ab39ce846e720e5d) Importer(815301076,1909f56bfc062723c751e8b465ee728b)  -> (artifact id: '859b3767d24a5b53d9fe524ef1465e9e') in 0.017885 seconds 
========================================================================
Received Import Request.
  Time since last request: 12.376479 seconds.
  path: Assets/Prefabs/UserInterface/OnScreenMessage.prefab
  artifactKey: Guid(d85c5e69987eb5a4ab39ce846e720e5d) Importer(815301076,1909f56bfc062723c751e8b465ee728b)
Start importing Assets/Prefabs/UserInterface/OnScreenMessage.prefab using Guid(d85c5e69987eb5a4ab39ce846e720e5d) Importer(815301076,1909f56bfc062723c751e8b465ee728b)  -> (artifact id: '0e58b423274e1de264c362cbc840c092') in 0.017231 seconds 
========================================================================
Received Import Request.
  Time since last request: 3.153645 seconds.
  path: Assets/Prefabs/UserInterface/OnScreenMessage.prefab
  artifactKey: Guid(d85c5e69987eb5a4ab39ce846e720e5d) Importer(815301076,1909f56bfc062723c751e8b465ee728b)
Start importing Assets/Prefabs/UserInterface/OnScreenMessage.prefab using Guid(d85c5e69987eb5a4ab39ce846e720e5d) Importer(815301076,1909f56bfc062723c751e8b465ee728b)  -> (artifact id: 'b36399d21d846d60121c37ebeebd4c80') in 0.017258 seconds 
========================================================================
Received Import Request.
  Time since last request: 1.257561 seconds.
  path: Assets/Prefabs/UserInterface/OnScreenMessage.prefab
  artifactKey: Guid(d85c5e69987eb5a4ab39ce846e720e5d) Importer(815301076,1909f56bfc062723c751e8b465ee728b)
Start importing Assets/Prefabs/UserInterface/OnScreenMessage.prefab using Guid(d85c5e69987eb5a4ab39ce846e720e5d) Importer(815301076,1909f56bfc062723c751e8b465ee728b)  -> (artifact id: '5f48303d496ffd2ac24ab49250fa6a40') in 0.017906 seconds 
========================================================================
Received Import Request.
  Time since last request: 6.800819 seconds.
  path: Assets/Prefabs/UserInterface/OnScreenMessage.prefab
  artifactKey: Guid(d85c5e69987eb5a4ab39ce846e720e5d) Importer(815301076,1909f56bfc062723c751e8b465ee728b)
Start importing Assets/Prefabs/UserInterface/OnScreenMessage.prefab using Guid(d85c5e69987eb5a4ab39ce846e720e5d) Importer(815301076,1909f56bfc062723c751e8b465ee728b)  -> (artifact id: 'e16eba7a22887ff7f6907d6a43785d33') in 0.017262 seconds 
========================================================================
Received Import Request.
  Time since last request: 1.239839 seconds.
  path: Assets/Prefabs/UserInterface/OnScreenMessage.prefab
  artifactKey: Guid(d85c5e69987eb5a4ab39ce846e720e5d) Importer(815301076,1909f56bfc062723c751e8b465ee728b)
Start importing Assets/Prefabs/UserInterface/OnScreenMessage.prefab using Guid(d85c5e69987eb5a4ab39ce846e720e5d) Importer(815301076,1909f56bfc062723c751e8b465ee728b)  -> (artifact id: 'b7d65638239a42b5604d661e909bd712') in 0.018721 seconds 
========================================================================
Received Import Request.
  Time since last request: 6.204531 seconds.
  path: Assets/Prefabs/UserInterface/OnScreenMessage.prefab
  artifactKey: Guid(d85c5e69987eb5a4ab39ce846e720e5d) Importer(815301076,1909f56bfc062723c751e8b465ee728b)
Start importing Assets/Prefabs/UserInterface/OnScreenMessage.prefab using Guid(d85c5e69987eb5a4ab39ce846e720e5d) Importer(815301076,1909f56bfc062723c751e8b465ee728b)  -> (artifact id: '1550265baac57543ec3756e4af2e23c2') in 0.018477 seconds 
========================================================================
Received Import Request.
  Time since last request: 7.879702 seconds.
  path: Assets/Prefabs/UserInterface/OnScreenMessage.prefab
  artifactKey: Guid(d85c5e69987eb5a4ab39ce846e720e5d) Importer(815301076,1909f56bfc062723c751e8b465ee728b)
Start importing Assets/Prefabs/UserInterface/OnScreenMessage.prefab using Guid(d85c5e69987eb5a4ab39ce846e720e5d) Importer(815301076,1909f56bfc062723c751e8b465ee728b)  -> (artifact id: 'b8388bb94cade35422d6150ed3b8cb29') in 0.019292 seconds 
========================================================================
Received Prepare
Registering precompiled user dll's ...
Registered in 0.011696 seconds.
Begin MonoManager ReloadAssembly
Native extension for WindowsStandalone target not found
Native extension for WebGL target not found
Refreshing native plugins compatible for Editor in 1.25 ms, found 3 plugins.
Preloading 0 native plugins for Editor in 0.00 ms.
Mono: successfully reloaded assembly
- Completed reload, in  1.286 seconds
Domain Reload Profiling:
	ReloadAssembly (1286ms)
		BeginReloadAssembly (193ms)
			ExecutionOrderSort (0ms)
			DisableScriptedObjects (9ms)
			BackupInstance (0ms)
			ReleaseScriptingObjects (0ms)
			CreateAndSetChildDomain (46ms)
		EndReloadAssembly (1022ms)
			LoadAssemblies (165ms)
			RebuildTransferFunctionScriptingTraits (0ms)
			SetupTypeCache (346ms)
			ReleaseScriptCaches (1ms)
			RebuildScriptCaches (63ms)
			SetupLoadedEditorAssemblies (366ms)
				LogAssemblyErrors (0ms)
				InitializePlatformSupportModulesInManaged (7ms)
				SetLoadedEditorAssemblies (1ms)
				RefreshPlugins (1ms)
				BeforeProcessingInitializeOnLoad (63ms)
				ProcessInitializeOnLoadAttributes (279ms)
				ProcessInitializeOnLoadMethodAttributes (11ms)
				AfterProcessingInitializeOnLoad (3ms)
				EditorAssembliesLoaded (0ms)
			ExecutionOrderSort2 (0ms)
			AwakeInstancesAfterBackupRestoration (18ms)
Platform modules already initialized, skipping
Refreshing native plugins compatible for Editor in 0.69 ms, found 3 plugins.
Preloading 0 native plugins for Editor in 0.00 ms.
Unloading 2248 Unused Serialized files (Serialized files now loaded: 0)
System memory in use before: 105.8 MB.
System memory in use after: 105.8 MB.

Unloading 32 unused Assets to reduce memory usage. Loaded Objects now: 2781.
Total: 3.138600 ms (FindLiveObjects: 0.264300 ms CreateObjectMapping: 0.060200 ms MarkObjects: 2.677100 ms  DeleteObjects: 0.135300 ms)

AssetImportParameters requested are different than current active one (requested -> active):
  custom:framework-win-MediaFoundation: 216162199b28c13a410421893ffa2e32 -> 
  custom:video-decoder-ogg-theora: a1e56fd34408186e4bbccfd4996cb3dc -> 
  custom:container-muxer-webm: aa71ff27fc2769a1b78a27578f13a17b -> 
  custom:container-demuxer-webm: 4f35f7cbe854078d1ac9338744f61a02 -> 
  custom:container-demuxer-ogg: 62fdf1f143b41e24485cea50d1cbac27 -> 
  custom:video-encoder-webm-vp8: eb34c28f22e8b96e1ab97ce403110664 -> 
  custom:video-decoder-webm-vp8: 9c59270c3fd7afecdb556c50c9e8de78 -> 
  custom:audio-decoder-ogg-vorbis: bf7c407c2cedff20999df2af8eb42d56 -> 
  custom:audio-encoder-webm-vorbis: bf7c407c2cedff20999df2af8eb42d56 -> 
========================================================================
Received Import Request.
  Time since last request: 130.000280 seconds.
  path: Assets/Prefabs/UserInterface/OnScreenMessage.prefab
  artifactKey: Guid(d85c5e69987eb5a4ab39ce846e720e5d) Importer(815301076,1909f56bfc062723c751e8b465ee728b)
Start importing Assets/Prefabs/UserInterface/OnScreenMessage.prefab using Guid(d85c5e69987eb5a4ab39ce846e720e5d) Importer(815301076,1909f56bfc062723c751e8b465ee728b)  -> (artifact id: '890e51d6a752c8e274dc0bd39ffa5993') in 0.080914 seconds 
========================================================================
Received Prepare
Registering precompiled user dll's ...
Registered in 0.012548 seconds.
Begin MonoManager ReloadAssembly
Native extension for WindowsStandalone target not found
Native extension for WebGL target not found
Refreshing native plugins compatible for Editor in 0.67 ms, found 3 plugins.
Preloading 0 native plugins for Editor in 0.00 ms.
Mono: successfully reloaded assembly
- Completed reload, in  1.528 seconds
Domain Reload Profiling:
	ReloadAssembly (1528ms)
		BeginReloadAssembly (198ms)
			ExecutionOrderSort (0ms)
			DisableScriptedObjects (11ms)
			BackupInstance (0ms)
			ReleaseScriptingObjects (0ms)
			CreateAndSetChildDomain (48ms)
		EndReloadAssembly (1261ms)
			LoadAssemblies (181ms)
			RebuildTransferFunctionScriptingTraits (0ms)
			SetupTypeCache (456ms)
			ReleaseScriptCaches (1ms)
			RebuildScriptCaches (63ms)
			SetupLoadedEditorAssemblies (476ms)
				LogAssemblyErrors (0ms)
				InitializePlatformSupportModulesInManaged (7ms)
				SetLoadedEditorAssemblies (1ms)
				RefreshPlugins (1ms)
				BeforeProcessingInitializeOnLoad (68ms)
				ProcessInitializeOnLoadAttributes (383ms)
				ProcessInitializeOnLoadMethodAttributes (12ms)
				AfterProcessingInitializeOnLoad (3ms)
				EditorAssembliesLoaded (0ms)
			ExecutionOrderSort2 (0ms)
			AwakeInstancesAfterBackupRestoration (22ms)
Platform modules already initialized, skipping
Refreshing native plugins compatible for Editor in 0.68 ms, found 3 plugins.
Preloading 0 native plugins for Editor in 0.00 ms.
Unloading 2248 Unused Serialized files (Serialized files now loaded: 0)
System memory in use before: 105.9 MB.
System memory in use after: 106.0 MB.

Unloading 31 unused Assets to reduce memory usage. Loaded Objects now: 2785.
Total: 2.980000 ms (FindLiveObjects: 0.300500 ms CreateObjectMapping: 0.064800 ms MarkObjects: 2.453400 ms  DeleteObjects: 0.159500 ms)

AssetImportParameters requested are different than current active one (requested -> active):
  custom:framework-win-MediaFoundation: 216162199b28c13a410421893ffa2e32 -> 
  custom:video-decoder-ogg-theora: a1e56fd34408186e4bbccfd4996cb3dc -> 
  custom:container-muxer-webm: aa71ff27fc2769a1b78a27578f13a17b -> 
  custom:container-demuxer-webm: 4f35f7cbe854078d1ac9338744f61a02 -> 
  custom:container-demuxer-ogg: 62fdf1f143b41e24485cea50d1cbac27 -> 
  custom:video-encoder-webm-vp8: eb34c28f22e8b96e1ab97ce403110664 -> 
  custom:video-decoder-webm-vp8: 9c59270c3fd7afecdb556c50c9e8de78 -> 
  custom:audio-decoder-ogg-vorbis: bf7c407c2cedff20999df2af8eb42d56 -> 
  custom:audio-encoder-webm-vorbis: bf7c407c2cedff20999df2af8eb42d56 -> 
========================================================================
Received Import Request.
  Time since last request: 111.010801 seconds.
  path: Assets/Prefabs/UserInterface/OnScreenMessage.prefab
  artifactKey: Guid(d85c5e69987eb5a4ab39ce846e720e5d) Importer(815301076,1909f56bfc062723c751e8b465ee728b)
Start importing Assets/Prefabs/UserInterface/OnScreenMessage.prefab using Guid(d85c5e69987eb5a4ab39ce846e720e5d) Importer(815301076,1909f56bfc062723c751e8b465ee728b)  -> (artifact id: 'e160d09d39a592d1ff6b8253b7b98084') in 0.083508 seconds 
========================================================================
Received Import Request.
  Time since last request: 8.616430 seconds.
  path: Assets/Prefabs/UserInterface/OnScreenMessage.prefab
  artifactKey: Guid(d85c5e69987eb5a4ab39ce846e720e5d) Importer(815301076,1909f56bfc062723c751e8b465ee728b)
Start importing Assets/Prefabs/UserInterface/OnScreenMessage.prefab using Guid(d85c5e69987eb5a4ab39ce846e720e5d) Importer(815301076,1909f56bfc062723c751e8b465ee728b)  -> (artifact id: '0d011de33097896d2267bb4fcb6b465d') in 0.018471 seconds 
========================================================================
Received Import Request.
  Time since last request: 2.853792 seconds.
  path: Assets/Prefabs/UserInterface/OnScreenMessage.prefab
  artifactKey: Guid(d85c5e69987eb5a4ab39ce846e720e5d) Importer(815301076,1909f56bfc062723c751e8b465ee728b)
Start importing Assets/Prefabs/UserInterface/OnScreenMessage.prefab using Guid(d85c5e69987eb5a4ab39ce846e720e5d) Importer(815301076,1909f56bfc062723c751e8b465ee728b)  -> (artifact id: '82527b62f5d8a569f30abd16f6229f70') in 0.019025 seconds 
========================================================================
Received Import Request.
  Time since last request: 3.531755 seconds.
  path: Assets/Prefabs/UserInterface/OnScreenMessage.prefab
  artifactKey: Guid(d85c5e69987eb5a4ab39ce846e720e5d) Importer(815301076,1909f56bfc062723c751e8b465ee728b)
Start importing Assets/Prefabs/UserInterface/OnScreenMessage.prefab using Guid(d85c5e69987eb5a4ab39ce846e720e5d) Importer(815301076,1909f56bfc062723c751e8b465ee728b)  -> (artifact id: 'ab43894b7123b7286b50908f971162f1') in 0.017662 seconds 
========================================================================
Received Import Request.
  Time since last request: 1.272675 seconds.
  path: Assets/Prefabs/UserInterface/OnScreenMessage.prefab
  artifactKey: Guid(d85c5e69987eb5a4ab39ce846e720e5d) Importer(815301076,1909f56bfc062723c751e8b465ee728b)
Start importing Assets/Prefabs/UserInterface/OnScreenMessage.prefab using Guid(d85c5e69987eb5a4ab39ce846e720e5d) Importer(815301076,1909f56bfc062723c751e8b465ee728b)  -> (artifact id: '1bc80cbdc65074b7364c37102fa47ac3') in 0.018878 seconds 
========================================================================
Received Import Request.
  Time since last request: 7.989186 seconds.
  path: Assets/Prefabs/UserInterface/OnScreenMessage.prefab
  artifactKey: Guid(d85c5e69987eb5a4ab39ce846e720e5d) Importer(815301076,1909f56bfc062723c751e8b465ee728b)
Start importing Assets/Prefabs/UserInterface/OnScreenMessage.prefab using Guid(d85c5e69987eb5a4ab39ce846e720e5d) Importer(815301076,1909f56bfc062723c751e8b465ee728b)  -> (artifact id: 'eabab2634cd7b429a47195a9acb9459c') in 0.017781 seconds 
========================================================================
Received Import Request.
  Time since last request: 1.406306 seconds.
  path: Assets/Prefabs/UserInterface/OnScreenMessage.prefab
  artifactKey: Guid(d85c5e69987eb5a4ab39ce846e720e5d) Importer(815301076,1909f56bfc062723c751e8b465ee728b)
Start importing Assets/Prefabs/UserInterface/OnScreenMessage.prefab using Guid(d85c5e69987eb5a4ab39ce846e720e5d) Importer(815301076,1909f56bfc062723c751e8b465ee728b)  -> (artifact id: '9344b73f9ef0d922a3360011758dd156') in 0.017723 seconds 
========================================================================
Received Import Request.
  Time since last request: 1.994050 seconds.
  path: Assets/Prefabs/UserInterface/OnScreenMessage.prefab
  artifactKey: Guid(d85c5e69987eb5a4ab39ce846e720e5d) Importer(815301076,1909f56bfc062723c751e8b465ee728b)
Start importing Assets/Prefabs/UserInterface/OnScreenMessage.prefab using Guid(d85c5e69987eb5a4ab39ce846e720e5d) Importer(815301076,1909f56bfc062723c751e8b465ee728b)  -> (artifact id: '265945ad753f5b3e405e816ac692b983') in 0.017791 seconds 
========================================================================
Received Import Request.
  Time since last request: 2.000196 seconds.
  path: Assets/Prefabs/UserInterface/OnScreenMessage.prefab
  artifactKey: Guid(d85c5e69987eb5a4ab39ce846e720e5d) Importer(815301076,1909f56bfc062723c751e8b465ee728b)
Start importing Assets/Prefabs/UserInterface/OnScreenMessage.prefab using Guid(d85c5e69987eb5a4ab39ce846e720e5d) Importer(815301076,1909f56bfc062723c751e8b465ee728b)  -> (artifact id: '35cf1e8ca5e0436915e075a55d5c6571') in 0.018009 seconds 
========================================================================
Received Import Request.
  Time since last request: 4.449899 seconds.
  path: Assets/Prefabs/UserInterface/OnScreenMessage.prefab
  artifactKey: Guid(d85c5e69987eb5a4ab39ce846e720e5d) Importer(815301076,1909f56bfc062723c751e8b465ee728b)
Start importing Assets/Prefabs/UserInterface/OnScreenMessage.prefab using Guid(d85c5e69987eb5a4ab39ce846e720e5d) Importer(815301076,1909f56bfc062723c751e8b465ee728b)  -> (artifact id: 'df8d42e655d60fb56ff540d05ee6b694') in 0.022200 seconds 
========================================================================
Received Import Request.
  Time since last request: 7.020824 seconds.
  path: Assets/Prefabs/UserInterface/OnScreenMessage.prefab
  artifactKey: Guid(d85c5e69987eb5a4ab39ce846e720e5d) Importer(815301076,1909f56bfc062723c751e8b465ee728b)
Start importing Assets/Prefabs/UserInterface/OnScreenMessage.prefab using Guid(d85c5e69987eb5a4ab39ce846e720e5d) Importer(815301076,1909f56bfc062723c751e8b465ee728b)  -> (artifact id: '0dbaa45dbb34d9a6f404237ab741f9ff') in 0.018369 seconds 
========================================================================
Received Import Request.
  Time since last request: 2.317822 seconds.
  path: Assets/Prefabs/UserInterface/OnScreenMessage.prefab
  artifactKey: Guid(d85c5e69987eb5a4ab39ce846e720e5d) Importer(815301076,1909f56bfc062723c751e8b465ee728b)
Start importing Assets/Prefabs/UserInterface/OnScreenMessage.prefab using Guid(d85c5e69987eb5a4ab39ce846e720e5d) Importer(815301076,1909f56bfc062723c751e8b465ee728b)  -> (artifact id: '9ee84e047bcb2596e92f061c4828cc44') in 0.018950 seconds 
========================================================================
Received Prepare
Registering precompiled user dll's ...
Registered in 0.014793 seconds.
Begin MonoManager ReloadAssembly
Native extension for WindowsStandalone target not found
Native extension for WebGL target not found
Refreshing native plugins compatible for Editor in 0.68 ms, found 3 plugins.
Preloading 0 native plugins for Editor in 0.00 ms.
Mono: successfully reloaded assembly
- Completed reload, in  1.273 seconds
Domain Reload Profiling:
	ReloadAssembly (1274ms)
		BeginReloadAssembly (167ms)
			ExecutionOrderSort (0ms)
			DisableScriptedObjects (9ms)
			BackupInstance (0ms)
			ReleaseScriptingObjects (0ms)
			CreateAndSetChildDomain (42ms)
		EndReloadAssembly (1041ms)
			LoadAssemblies (168ms)
			RebuildTransferFunctionScriptingTraits (0ms)
			SetupTypeCache (353ms)
			ReleaseScriptCaches (1ms)
			RebuildScriptCaches (65ms)
			SetupLoadedEditorAssemblies (369ms)
				LogAssemblyErrors (0ms)
				InitializePlatformSupportModulesInManaged (7ms)
				SetLoadedEditorAssemblies (1ms)
				RefreshPlugins (1ms)
				BeforeProcessingInitializeOnLoad (63ms)
				ProcessInitializeOnLoadAttributes (283ms)
				ProcessInitializeOnLoadMethodAttributes (12ms)
				AfterProcessingInitializeOnLoad (3ms)
				EditorAssembliesLoaded (0ms)
			ExecutionOrderSort2 (0ms)
			AwakeInstancesAfterBackupRestoration (18ms)
Platform modules already initialized, skipping
Refreshing native plugins compatible for Editor in 0.68 ms, found 3 plugins.
Preloading 0 native plugins for Editor in 0.00 ms.
Unloading 2248 Unused Serialized files (Serialized files now loaded: 0)
System memory in use before: 105.9 MB.
System memory in use after: 106.0 MB.

Unloading 31 unused Assets to reduce memory usage. Loaded Objects now: 2789.
Total: 3.062500 ms (FindLiveObjects: 0.303600 ms CreateObjectMapping: 0.063600 ms MarkObjects: 2.558700 ms  DeleteObjects: 0.134600 ms)

AssetImportParameters requested are different than current active one (requested -> active):
  custom:framework-win-MediaFoundation: 216162199b28c13a410421893ffa2e32 -> 
  custom:video-decoder-ogg-theora: a1e56fd34408186e4bbccfd4996cb3dc -> 
  custom:container-muxer-webm: aa71ff27fc2769a1b78a27578f13a17b -> 
  custom:container-demuxer-webm: 4f35f7cbe854078d1ac9338744f61a02 -> 
  custom:container-demuxer-ogg: 62fdf1f143b41e24485cea50d1cbac27 -> 
  custom:video-encoder-webm-vp8: eb34c28f22e8b96e1ab97ce403110664 -> 
  custom:video-decoder-webm-vp8: 9c59270c3fd7afecdb556c50c9e8de78 -> 
  custom:audio-decoder-ogg-vorbis: bf7c407c2cedff20999df2af8eb42d56 -> 
  custom:audio-encoder-webm-vorbis: bf7c407c2cedff20999df2af8eb42d56 -> 
========================================================================
Received Prepare
Refreshing native plugins compatible for Editor in 8.58 ms, found 3 plugins.
Preloading 0 native plugins for Editor in 0.00 ms.
Unloading 29 Unused Serialized files (Serialized files now loaded: 0)
System memory in use before: 61.9 MB.
System memory in use after: 62.0 MB.

Unloading 29 unused Assets to reduce memory usage. Loaded Objects now: 2789.
Total: 2.982200 ms (FindLiveObjects: 0.269800 ms CreateObjectMapping: 0.063000 ms MarkObjects: 2.511700 ms  DeleteObjects: 0.136700 ms)

AssetImportParameters requested are different than current active one (requested -> active):
  custom:framework-win-MediaFoundation: 216162199b28c13a410421893ffa2e32 -> 
  custom:video-decoder-ogg-theora: a1e56fd34408186e4bbccfd4996cb3dc -> 
  custom:container-muxer-webm: aa71ff27fc2769a1b78a27578f13a17b -> 
  custom:container-demuxer-webm: 4f35f7cbe854078d1ac9338744f61a02 -> 
  custom:container-demuxer-ogg: 62fdf1f143b41e24485cea50d1cbac27 -> 
  custom:video-encoder-webm-vp8: eb34c28f22e8b96e1ab97ce403110664 -> 
  custom:video-decoder-webm-vp8: 9c59270c3fd7afecdb556c50c9e8de78 -> 
  custom:audio-decoder-ogg-vorbis: bf7c407c2cedff20999df2af8eb42d56 -> 
  custom:audio-encoder-webm-vorbis: bf7c407c2cedff20999df2af8eb42d56 -> 
========================================================================
Received Prepare
Registering precompiled user dll's ...
Registered in 0.011560 seconds.
Begin MonoManager ReloadAssembly
Native extension for WindowsStandalone target not found
Native extension for WebGL target not found
Refreshing native plugins compatible for Editor in 0.68 ms, found 3 plugins.
Preloading 0 native plugins for Editor in 0.00 ms.
Mono: successfully reloaded assembly
- Completed reload, in  1.420 seconds
Domain Reload Profiling:
	ReloadAssembly (1421ms)
		BeginReloadAssembly (215ms)
			ExecutionOrderSort (0ms)
			DisableScriptedObjects (13ms)
			BackupInstance (0ms)
			ReleaseScriptingObjects (0ms)
			CreateAndSetChildDomain (52ms)
		EndReloadAssembly (1130ms)
			LoadAssemblies (191ms)
			RebuildTransferFunctionScriptingTraits (0ms)
			SetupTypeCache (382ms)
			ReleaseScriptCaches (1ms)
			RebuildScriptCaches (68ms)
			SetupLoadedEditorAssemblies (401ms)
				LogAssemblyErrors (0ms)
				InitializePlatformSupportModulesInManaged (8ms)
				SetLoadedEditorAssemblies (1ms)
				RefreshPlugins (1ms)
				BeforeProcessingInitializeOnLoad (71ms)
				ProcessInitializeOnLoadAttributes (304ms)
				ProcessInitializeOnLoadMethodAttributes (12ms)
				AfterProcessingInitializeOnLoad (5ms)
				EditorAssembliesLoaded (0ms)
			ExecutionOrderSort2 (0ms)
			AwakeInstancesAfterBackupRestoration (24ms)
Platform modules already initialized, skipping
Refreshing native plugins compatible for Editor in 0.92 ms, found 3 plugins.
Preloading 0 native plugins for Editor in 0.00 ms.
Unloading 2248 Unused Serialized files (Serialized files now loaded: 0)
System memory in use before: 105.9 MB.
System memory in use after: 106.0 MB.

Unloading 31 unused Assets to reduce memory usage. Loaded Objects now: 2793.
Total: 3.936000 ms (FindLiveObjects: 0.293900 ms CreateObjectMapping: 0.067100 ms MarkObjects: 3.437600 ms  DeleteObjects: 0.135600 ms)

AssetImportParameters requested are different than current active one (requested -> active):
  custom:framework-win-MediaFoundation: 216162199b28c13a410421893ffa2e32 -> 
  custom:video-decoder-ogg-theora: a1e56fd34408186e4bbccfd4996cb3dc -> 
  custom:container-muxer-webm: aa71ff27fc2769a1b78a27578f13a17b -> 
  custom:container-demuxer-webm: 4f35f7cbe854078d1ac9338744f61a02 -> 
  custom:container-demuxer-ogg: 62fdf1f143b41e24485cea50d1cbac27 -> 
  custom:video-encoder-webm-vp8: eb34c28f22e8b96e1ab97ce403110664 -> 
  custom:video-decoder-webm-vp8: 9c59270c3fd7afecdb556c50c9e8de78 -> 
  custom:audio-decoder-ogg-vorbis: bf7c407c2cedff20999df2af8eb42d56 -> 
  custom:audio-encoder-webm-vorbis: bf7c407c2cedff20999df2af8eb42d56 -> 
========================================================================
Received Prepare
Refreshing native plugins compatible for Editor in 8.97 ms, found 3 plugins.
Preloading 0 native plugins for Editor in 0.00 ms.
Unloading 29 Unused Serialized files (Serialized files now loaded: 0)
System memory in use before: 61.9 MB.
System memory in use after: 62.0 MB.

Unloading 29 unused Assets to reduce memory usage. Loaded Objects now: 2793.
Total: 3.096300 ms (FindLiveObjects: 0.250400 ms CreateObjectMapping: 0.061100 ms MarkObjects: 2.658600 ms  DeleteObjects: 0.125300 ms)

AssetImportParameters requested are different than current active one (requested -> active):
  custom:framework-win-MediaFoundation: 216162199b28c13a410421893ffa2e32 -> 
  custom:video-decoder-ogg-theora: a1e56fd34408186e4bbccfd4996cb3dc -> 
  custom:container-muxer-webm: aa71ff27fc2769a1b78a27578f13a17b -> 
  custom:container-demuxer-webm: 4f35f7cbe854078d1ac9338744f61a02 -> 
  custom:container-demuxer-ogg: 62fdf1f143b41e24485cea50d1cbac27 -> 
  custom:video-encoder-webm-vp8: eb34c28f22e8b96e1ab97ce403110664 -> 
  custom:video-decoder-webm-vp8: 9c59270c3fd7afecdb556c50c9e8de78 -> 
  custom:audio-decoder-ogg-vorbis: bf7c407c2cedff20999df2af8eb42d56 -> 
  custom:audio-encoder-webm-vorbis: bf7c407c2cedff20999df2af8eb42d56 -> 
========================================================================
Received Prepare
Registering precompiled user dll's ...
Registered in 0.012240 seconds.
Begin MonoManager ReloadAssembly
Native extension for WindowsStandalone target not found
Native extension for WebGL target not found
Refreshing native plugins compatible for Editor in 0.76 ms, found 3 plugins.
Preloading 0 native plugins for Editor in 0.00 ms.
Mono: successfully reloaded assembly
- Completed reload, in  1.452 seconds
Domain Reload Profiling:
	ReloadAssembly (1453ms)
		BeginReloadAssembly (215ms)
			ExecutionOrderSort (0ms)
			DisableScriptedObjects (13ms)
			BackupInstance (0ms)
			ReleaseScriptingObjects (0ms)
			CreateAndSetChildDomain (56ms)
		EndReloadAssembly (1164ms)
			LoadAssemblies (203ms)
			RebuildTransferFunctionScriptingTraits (0ms)
			SetupTypeCache (392ms)
			ReleaseScriptCaches (1ms)
			RebuildScriptCaches (71ms)
			SetupLoadedEditorAssemblies (416ms)
				LogAssemblyErrors (0ms)
				InitializePlatformSupportModulesInManaged (8ms)
				SetLoadedEditorAssemblies (1ms)
				RefreshPlugins (1ms)
				BeforeProcessingInitializeOnLoad (73ms)
				ProcessInitializeOnLoadAttributes (317ms)
				ProcessInitializeOnLoadMethodAttributes (12ms)
				AfterProcessingInitializeOnLoad (3ms)
				EditorAssembliesLoaded (0ms)
			ExecutionOrderSort2 (0ms)
			AwakeInstancesAfterBackupRestoration (22ms)
Platform modules already initialized, skipping
Refreshing native plugins compatible for Editor in 0.75 ms, found 3 plugins.
Preloading 0 native plugins for Editor in 0.00 ms.
Unloading 2248 Unused Serialized files (Serialized files now loaded: 0)
System memory in use before: 105.9 MB.
System memory in use after: 106.0 MB.

Unloading 31 unused Assets to reduce memory usage. Loaded Objects now: 2797.
Total: 4.339300 ms (FindLiveObjects: 0.291100 ms CreateObjectMapping: 0.065300 ms MarkObjects: 3.847900 ms  DeleteObjects: 0.133000 ms)

AssetImportParameters requested are different than current active one (requested -> active):
  custom:framework-win-MediaFoundation: 216162199b28c13a410421893ffa2e32 -> 
  custom:video-decoder-ogg-theora: a1e56fd34408186e4bbccfd4996cb3dc -> 
  custom:container-muxer-webm: aa71ff27fc2769a1b78a27578f13a17b -> 
  custom:container-demuxer-webm: 4f35f7cbe854078d1ac9338744f61a02 -> 
  custom:container-demuxer-ogg: 62fdf1f143b41e24485cea50d1cbac27 -> 
  custom:video-encoder-webm-vp8: eb34c28f22e8b96e1ab97ce403110664 -> 
  custom:video-decoder-webm-vp8: 9c59270c3fd7afecdb556c50c9e8de78 -> 
  custom:audio-decoder-ogg-vorbis: bf7c407c2cedff20999df2af8eb42d56 -> 
  custom:audio-encoder-webm-vorbis: bf7c407c2cedff20999df2af8eb42d56 -> 
========================================================================
Received Import Request.
  Time since last request: 997.500472 seconds.
  path: Assets/Scenes/Game.unity
  artifactKey: Guid(2cda990e2423bbf4892e6590ba056729) Importer(815301076,1909f56bfc062723c751e8b465ee728b)
Start importing Assets/Scenes/Game.unity using Guid(2cda990e2423bbf4892e6590ba056729) Importer(815301076,1909f56bfc062723c751e8b465ee728b)  -> (artifact id: 'f0b26d570d1d4917e69f90b4b40ab78c') in 0.017821 seconds 
